<?xml version="1.0" encoding="UTF-8"?>
<!-- Generated by org.testng.reporters.JUnitReportReporter -->
<testsuite hostname="LTIN509156" failures="0" tests="6" name="testRunner.TestRunner" time="72.518" errors="0" timestamp="2024-04-24T12:34:27 IST" skipped="0">
  <testcase classname="testRunner.TestRunner" name="runScenario" time="12.950"/>
  <testcase classname="testRunner.TestRunner" name="runScenario" time="12.089"/>
  <testcase classname="testRunner.TestRunner" name="runScenario" time="11.580"/>
  <testcase classname="testRunner.TestRunner" name="runScenario" time="8.085"/>
  <testcase classname="testRunner.TestRunner" name="runScenario" time="15.838"/>
  <testcase classname="testRunner.TestRunner" name="runScenario" time="11.976"/>
</testsuite> <!-- testRunner.TestRunner -->
