<?xml version="1.0" encoding="UTF-8"?>
<!-- Generated by org.testng.reporters.JUnitReportReporter -->
<testsuite hostname="LTIN509185" failures="0" tests="6" name="testRunner.TestRunner" time="89.279" errors="0" timestamp="2024-04-16T12:18:16 IST" skipped="0">
  <testcase classname="testRunner.TestRunner" name="runScenario" time="14.924"/>
  <testcase classname="testRunner.TestRunner" name="runScenario" time="15.303"/>
  <testcase classname="testRunner.TestRunner" name="runScenario" time="10.498"/>
  <testcase classname="testRunner.TestRunner" name="runScenario" time="18.960"/>
  <testcase classname="testRunner.TestRunner" name="runScenario" time="13.334"/>
  <testcase classname="testRunner.TestRunner" name="runScenario" time="16.260"/>
</testsuite> <!-- testRunner.TestRunner -->
